Using pre-set license
Built from '2022.3/staging' branch; Version is '2022.3.6f1 (b9e6e7e9fa2d) revision 12183271'; Using compiler version '192829333'; Build Type 'Release'
OS: 'Windows 10  (10.0.19041) 64bit CoreSingleLanguage' Language: 'en' Physical Memory: 7549 MB
BatchMode: 1, IsHumanControllingUs: 0, StartBugReporterOnCrash: 0, Is64bit: 1, IsPro: 1

COMMAND LINE ARGUMENTS:
C:\Program Files\Unity\Hub\Editor\2022.3.6f1\Editor\Unity.exe
-adb2
-batchMode
-noUpm
-name
AssetImportWorker1
-projectPath
C:/Users/aayus/Desktop/maveric/maveric vrc world build/drone
-logFile
Logs/AssetImportWorker1.log
-srvPort
51329
Successfully changed project path to: C:/Users/aayus/Desktop/maveric/maveric vrc world build/drone
C:/Users/aayus/Desktop/maveric/maveric vrc world build/drone
[UnityMemory] Configuration Parameters - Can be set up in boot.config
    "memorysetup-bucket-allocator-granularity=16"
    "memorysetup-bucket-allocator-bucket-count=8"
    "memorysetup-bucket-allocator-block-size=33554432"
    "memorysetup-bucket-allocator-block-count=8"
    "memorysetup-main-allocator-block-size=16777216"
    "memorysetup-thread-allocator-block-size=16777216"
    "memorysetup-gfx-main-allocator-block-size=16777216"
    "memorysetup-gfx-thread-allocator-block-size=16777216"
    "memorysetup-cache-allocator-block-size=4194304"
    "memorysetup-typetree-allocator-block-size=2097152"
    "memorysetup-profiler-bucket-allocator-granularity=16"
    "memorysetup-profiler-bucket-allocator-bucket-count=8"
    "memorysetup-profiler-bucket-allocator-block-size=33554432"
    "memorysetup-profiler-bucket-allocator-block-count=8"
    "memorysetup-profiler-allocator-block-size=16777216"
    "memorysetup-profiler-editor-allocator-block-size=1048576"
    "memorysetup-temp-allocator-size-main=16777216"
    "memorysetup-job-temp-allocator-block-size=2097152"
    "memorysetup-job-temp-allocator-block-size-background=1048576"
    "memorysetup-job-temp-allocator-reduction-small-platforms=262144"
    "memorysetup-allocator-temp-initial-block-size-main=262144"
    "memorysetup-allocator-temp-initial-block-size-worker=262144"
    "memorysetup-temp-allocator-size-background-worker=32768"
    "memorysetup-temp-allocator-size-job-worker=262144"
    "memorysetup-temp-allocator-size-preload-manager=33554432"
    "memorysetup-temp-allocator-size-nav-mesh-worker=65536"
    "memorysetup-temp-allocator-size-audio-worker=65536"
    "memorysetup-temp-allocator-size-cloud-worker=32768"
    "memorysetup-temp-allocator-size-gi-baking-worker=262144"
    "memorysetup-temp-allocator-size-gfx=262144"
Player connection [520] Host "[IP] 100.84.3.68 [Port] 0 [Flags] 2 [Guid] 1053969791 [EditorId] 1053969791 [Version] 1048832 [Id] WindowsEditor(7,intelsucks) [Debug] 1 [PackageName] WindowsEditor [ProjectName] Editor" joined multi-casting on [225.0.0.222:54997]...

Player connection [520] Host "[IP] 100.84.3.68 [Port] 0 [Flags] 2 [Guid] 1053969791 [EditorId] 1053969791 [Version] 1048832 [Id] WindowsEditor(7,intelsucks) [Debug] 1 [PackageName] WindowsEditor [ProjectName] Editor" joined alternative multi-casting on [225.0.0.222:34997]...

Refreshing native plugins compatible for Editor in 280.81 ms, found 8 plugins.
Preloading 2 native plugins for Editor in 9.80 ms.
Initialize engine version: 2022.3.6f1 (b9e6e7e9fa2d)
[Subsystems] Discovering subsystems at path C:/Program Files/Unity/Hub/Editor/2022.3.6f1/Editor/Data/Resources/UnitySubsystems
[Subsystems] Discovering subsystems at path C:/Users/aayus/Desktop/maveric/maveric vrc world build/drone/Assets
GfxDevice: creating device client; threaded=0; jobified=0
Direct3D:
    Version:  Direct3D 11.0 [level 11.1]
    Renderer: NVIDIA GeForce GTX 1650 (ID=0x1f99)
    Vendor:   NVIDIA
    VRAM:     3962 MB
    Driver:   31.0.15.2225
Initialize mono
Mono path[0] = 'C:/Program Files/Unity/Hub/Editor/2022.3.6f1/Editor/Data/Managed'
Mono path[1] = 'C:/Program Files/Unity/Hub/Editor/2022.3.6f1/Editor/Data/MonoBleedingEdge/lib/mono/unityjit-win32'
Mono config path = 'C:/Program Files/Unity/Hub/Editor/2022.3.6f1/Editor/Data/MonoBleedingEdge/etc'
Using monoOptions --debugger-agent=transport=dt_socket,embedding=1,server=y,suspend=n,address=127.0.0.1:56192
Begin MonoManager ReloadAssembly
Registering precompiled unity dll's ...
Register platform support module: C:/Program Files/Unity/Hub/Editor/2022.3.6f1/Editor/Data/PlaybackEngines/WebGLSupport/UnityEditor.WebGL.Extensions.dll
Register platform support module: C:/Program Files/Unity/Hub/Editor/2022.3.6f1/Editor/Data/PlaybackEngines/AndroidPlayer/UnityEditor.Android.Extensions.dll
Register platform support module: C:/Program Files/Unity/Hub/Editor/2022.3.6f1/Editor/Data/PlaybackEngines/iOSSupport/UnityEditor.iOS.Extensions.dll
Register platform support module: C:/Program Files/Unity/Hub/Editor/2022.3.6f1/Editor/Data/PlaybackEngines/WindowsStandaloneSupport/UnityEditor.WindowsStandalone.Extensions.dll
Register platform support module: C:/Program Files/Unity/Hub/Editor/2022.3.6f1/Editor/Data/PlaybackEngines/MetroSupport/UnityEditor.UWP.Extensions.dll
Registered in 0.044588 seconds.
- Loaded All Assemblies, in  1.194 seconds
Native extension for UWP target not found
Native extension for WindowsStandalone target not found
Native extension for iOS target not found
Native extension for Android target not found
Android Extension - Scanning For ADB Devices 641 ms
Native extension for WebGL target not found
Mono: successfully reloaded assembly
- Finished resetting the current domain, in  1.643 seconds
Domain Reload Profiling: 2835ms
	BeginReloadAssembly (415ms)
		ExecutionOrderSort (0ms)
		DisableScriptedObjects (0ms)
		BackupInstance (0ms)
		ReleaseScriptingObjects (0ms)
		CreateAndSetChildDomain (4ms)
	RebuildCommonClasses (147ms)
	RebuildNativeTypeToScriptingClass (31ms)
	initialDomainReloadingComplete (205ms)
	LoadAllAssembliesAndSetupDomain (391ms)
		LoadAssemblies (407ms)
		RebuildTransferFunctionScriptingTraits (0ms)
		AnalyzeDomain (375ms)
			TypeCache.Refresh (370ms)
				TypeCache.ScanAssembly (335ms)
			ScanForSourceGeneratedMonoScriptInfo (1ms)
			ResolveRequiredComponents (3ms)
	FinalizeReload (1644ms)
		ReleaseScriptCaches (0ms)
		RebuildScriptCaches (0ms)
		SetupLoadedEditorAssemblies (1502ms)
			LogAssemblyErrors (0ms)
			InitializePlatformSupportModulesInManaged (1120ms)
			SetLoadedEditorAssemblies (10ms)
			RefreshPlugins (0ms)
			BeforeProcessingInitializeOnLoad (7ms)
			ProcessInitializeOnLoadAttributes (246ms)
			ProcessInitializeOnLoadMethodAttributes (119ms)
			AfterProcessingInitializeOnLoad (0ms)
			EditorAssembliesLoaded (0ms)
		ExecutionOrderSort2 (0ms)
		AwakeInstancesAfterBackupRestoration (0ms)
========================================================================
Worker process is ready to serve import requests
Begin MonoManager ReloadAssembly
- Loaded All Assemblies, in  3.882 seconds
Refreshing native plugins compatible for Editor in 92.42 ms, found 8 plugins.
Native extension for UWP target not found
Native extension for WindowsStandalone target not found
Native extension for iOS target not found
Native extension for Android target not found
Native extension for WebGL target not found
Package Manager log level set to [2]
[Package Manager] Server::EnsureServerProcessIsRunning -- launch failed, reason: Unity was launched with the -noUpm command-line argument
[Package Manager] UpmClient::Send -- Unable to send message (not connected to UPM process).
[Package Manager] Cannot connect to Unity Package Manager local server
[Package Manager] Server::EnsureServerProcessIsRunning -- launch failed, reason: Unity was launched with the -noUpm command-line argument
[Package Manager] UpmClient::Send -- Unable to send message (not connected to UPM process).
[Package Manager] Cannot connect to Unity Package Manager local server
System.ArgumentNullException: Value cannot be null.
Parameter name: path
  at System.IO.Directory.CreateDirectory (System.String path) [0x00003] in <eef08f56e2e042f1b3027eca477293d9>:0 
  at VRC.SDKBase.Editor.VRCPackageSettings.EnsurePathExists () [0x0000b] in .\Packages\com.vrchat.base\Editor\VRCSDK\Dependencies\VRChat\VRCPackageSettings.cs:45 
  at VRC.SDKBase.Editor.VRCPackageSettings.Load () [0x00000] in .\Packages\com.vrchat.base\Editor\VRCSDK\Dependencies\VRChat\VRCPackageSettings.cs:50 
  at VRC.SDKBase.Editor.VRCPackageSettings.Create () [0x00005] in .\Packages\com.vrchat.base\Editor\VRCSDK\Dependencies\VRChat\VRCPackageSettings.cs:19 
  at VRC.SDKBase.Editor.SampleHintCreator..cctor () [0x00007] in .\Packages\com.vrchat.base\Editor\VRCSDK\SampleHintCreator.cs:18 
UnityEngine.StackTraceUtility:ExtractStackTrace ()
UnityEngine.DebugLogHandler:LogFormat (UnityEngine.LogType,UnityEngine.Object,string,object[])
UnityEngine.Logger:Log (UnityEngine.LogType,object)
UnityEngine.Debug:LogError (object)
UnityEditor.EditorAssemblies:ProcessInitializeOnLoadAttributes (System.Type[])

System.Reflection.TargetInvocationException: Exception has been thrown by the target of an invocation. ---> System.NullReferenceException: Object reference not set to an instance of an object
  at Unity.XR.Oculus.OculusLoader.AssetPathToAbsolutePath (System.String assetPath) [0x00040] in .\Library\PackageCache\com.unity.xr.oculus@4.0.0\Runtime\OculusLoader.cs:282 
  at Unity.XR.Oculus.OculusLoader.EditorLoadOVRPlugin () [0x0007b] in .\Library\PackageCache\com.unity.xr.oculus@4.0.0\Runtime\OculusLoader.cs:267 
  at (wrapper managed-to-native) System.Reflection.RuntimeMethodInfo.InternalInvoke(System.Reflection.RuntimeMethodInfo,object,object[],System.Exception&)
  at System.Reflection.RuntimeMethodInfo.Invoke (System.Object obj, System.Reflection.BindingFlags invokeAttr, System.Reflection.Binder binder, System.Object[] parameters, System.Globalization.CultureInfo culture) [0x0006a] in <eef08f56e2e042f1b3027eca477293d9>:0 
   --- End of inner exception stack trace ---
  at System.Reflection.RuntimeMethodInfo.Invoke (System.Object obj, System.Reflection.BindingFlags invokeAttr, System.Reflection.Binder binder, System.Object[] parameters, System.Globalization.CultureInfo culture) [0x00083] in <eef08f56e2e042f1b3027eca477293d9>:0 
  at System.Reflection.MethodBase.Invoke (System.Object obj, System.Object[] parameters) [0x00000] in <eef08f56e2e042f1b3027eca477293d9>:0 
  at UnityEditor.EditorAssemblies.ProcessInitializeOnLoadMethodAttributes () [0x000a5] in <347e3e2bef8c4deb82c9790c6e198135>:0 
UnityEngine.StackTraceUtility:ExtractStackTrace ()
UnityEngine.DebugLogHandler:LogFormat (UnityEngine.LogType,UnityEngine.Object,string,object[])
UnityEngine.Logger:Log (UnityEngine.LogType,object)
UnityEngine.Debug:LogError (object)
UnityEditor.EditorAssemblies:ProcessInitializeOnLoadMethodAttributes ()

Mono: successfully reloaded assembly
[Package Manager] Server::EnsureServerProcessIsRunning -- launch failed, reason: Unity was launched with the -noUpm command-line argument
[Package Manager] UpmClient::Send -- Unable to send message (not connected to UPM process).
[Package Manager] Cannot connect to Unity Package Manager local server
[Package Manager] Server::EnsureServerProcessIsRunning -- launch failed, reason: Unity was launched with the -noUpm command-line argument
[Package Manager] UpmClient::Send -- Unable to send message (not connected to UPM process).
[Package Manager] Cannot connect to Unity Package Manager local server
[<color=#FF00FF>UdonSharp</color>] No Assembly-CSharp assembly found
UnityEngine.StackTraceUtility:ExtractStackTrace ()
UnityEngine.DebugLogHandler:LogFormat (UnityEngine.LogType,UnityEngine.Object,string,object[])
UnityEngine.Logger:Log (UnityEngine.LogType,object)
UnityEngine.Debug:LogWarning (object)
UdonSharp.UdonSharpUtils:LogWarning (object) (at ./Packages/com.vrchat.worlds/Integrations/UdonSharp/Editor/UdonSharpUtils.cs:314)
UdonSharp.Compiler.Udon.CompilerUdonInterface:AssemblyCacheInit () (at ./Packages/com.vrchat.worlds/Integrations/UdonSharp/Editor/Compiler/Udon/CompilerUdonInterface.cs:176)
UdonSharp.Compiler.Udon.CompilerUdonInterface:get_UdonSharpAssemblyDefinitions () (at ./Packages/com.vrchat.worlds/Integrations/UdonSharp/Editor/Compiler/Udon/CompilerUdonInterface.cs:54)
UdonSharp.Compiler.CompilationContext:IsUdonSharpAssembly (string) (at ./Packages/com.vrchat.worlds/Integrations/UdonSharp/Editor/Compiler/CompilationContext.cs:238)
UdonSharp.Compiler.CompilationContext:GetAllFilteredSourcePaths (bool) (at ./Packages/com.vrchat.worlds/Integrations/UdonSharp/Editor/Compiler/CompilationContext.cs:208)
UdonSharp.Compiler.CompilationContext:GetAllFilteredScripts (bool) (at ./Packages/com.vrchat.worlds/Integrations/UdonSharp/Editor/Compiler/CompilationContext.cs:228)
UdonSharp.UdonSharpProgramAsset:IsAnyScriptDirty () (at ./Packages/com.vrchat.worlds/Integrations/UdonSharp/Editor/UdonSharpProgramAsset.cs:256)
UdonSharp.UdonSharpProgramAsset:CompileAllCsPrograms (bool,bool) (at ./Packages/com.vrchat.worlds/Integrations/UdonSharp/Editor/UdonSharpProgramAsset.cs:292)
UdonSharpEditor.UdonSharpEditorUtility:UpgradeSceneBehaviours (System.Collections.Generic.IEnumerable`1<VRC.Udon.UdonBehaviour>) (at ./Packages/com.vrchat.worlds/Integrations/UdonSharp/Editor/UdonSharpEditorUtility.cs:650)
UdonSharpEditor.UdonSharpEditorManager:RunAllUpgrades () (at ./Packages/com.vrchat.worlds/Integrations/UdonSharp/Editor/UdonSharpEditorManager.cs:1694)
UdonSharpEditor.UdonSharpEditorManager:RunPostAssemblyBuildRefresh () (at ./Packages/com.vrchat.worlds/Integrations/UdonSharp/Editor/UdonSharpEditorManager.cs:132)
UnityEditor.AssemblyReloadEvents:OnAfterAssemblyReload ()

(Filename: ./Packages/com.vrchat.worlds/Integrations/UdonSharp/Editor/UdonSharpUtils.cs Line: 314)

[<color=#FF00FF>UdonSharp</color>] Assets/new_drone.cs(199,1): error CS1022: Type or namespace definition, or end-of-file expected
[<color=#FF00FF>UdonSharp</color>] Assets/new_drone.cs(105,5): error CS0106: The modifier 'private' is not valid for this item
[<color=#FF00FF>UdonSharp</color>] Assets/new_drone.cs(105,5): error CS8803: Top-level statements must precede namespace and type declarations.
[<color=#FF00FF>UdonSharp</color>] Assets/new_drone.cs(105,5): error CS8370: Feature 'top-level statements' is not available in C# 7.3. Please use language version 9.0 or greater.
[<color=#FF00FF>UdonSharp</color>] Assets/new_drone.cs(102,49): error CS1519: Invalid token ';' in class, record, struct, or interface member declaration
[<color=#FF00FF>UdonSharp</color>] Assets/new_drone.cs(102,49): error CS1519: Invalid token ';' in class, record, struct, or interface member declaration
[<color=#FF00FF>UdonSharp</color>] Assets/new_drone.cs(102,35): error CS1519: Invalid token '=' in class, record, struct, or interface member declaration
[<color=#FF00FF>UdonSharp</color>] Assets/new_drone.cs(102,35): error CS1519: Invalid token '=' in class, record, struct, or interface member declaration
[<color=#FF00FF>UdonSharp</color>] Assets/new_drone.cs(101,42): error CS1519: Invalid token ';' in class, record, struct, or interface member declaration
[<color=#FF00FF>UdonSharp</color>] Assets/new_drone.cs(101,42): error CS1519: Invalid token ';' in class, record, struct, or interface member declaration
[<color=#FF00FF>UdonSharp</color>] Assets/new_drone.cs(101,28): error CS1519: Invalid token '=' in class, record, struct, or interface member declaration
[<color=#FF00FF>UdonSharp</color>] Assets/new_drone.cs(101,28): error CS1519: Invalid token '=' in class, record, struct, or interface member declaration
[<color=#FF00FF>UdonSharp</color>] Assets/new_drone.cs(100,42): error CS1519: Invalid token ';' in class, record, struct, or interface member declaration
[<color=#FF00FF>UdonSharp</color>] Assets/new_drone.cs(100,42): error CS1519: Invalid token ';' in class, record, struct, or interface member declaration
[<color=#FF00FF>UdonSharp</color>] Assets/new_drone.cs(100,32): error CS1519: Invalid token '=' in class, record, struct, or interface member declaration
[<color=#FF00FF>UdonSharp</color>] Assets/new_drone.cs(100,32): error CS1519: Invalid token '=' in class, record, struct, or interface member declaration
[<color=#FF00FF>UdonSharp</color>] Assets/new_drone.cs(99,42): error CS1519: Invalid token ';' in class, record, struct, or interface member declaration
[<color=#FF00FF>UdonSharp</color>] Assets/new_drone.cs(99,42): error CS1519: Invalid token ';' in class, record, struct, or interface member declaration
[<color=#FF00FF>UdonSharp</color>] Assets/new_drone.cs(99,32): error CS1519: Invalid token '=' in class, record, struct, or interface member declaration
[<color=#FF00FF>UdonSharp</color>] Assets/new_drone.cs(99,32): error CS1519: Invalid token '=' in class, record, struct, or interface member declaration
[<color=#FF00FF>UdonSharp</color>] Assets/new_drone.cs(97,105): error CS1519: Invalid token ')' in class, record, struct, or interface member declaration
[<color=#FF00FF>UdonSharp</color>] Assets/new_drone.cs(97,104): error CS8124: Tuple must contain at least two elements.
[<color=#FF00FF>UdonSharp</color>] Assets/new_drone.cs(97,94): error CS1519: Invalid token '(' in class, record, struct, or interface member declaration
[<color=#FF00FF>UdonSharp</color>] Assets/new_drone.cs(97,33): error CS1519: Invalid token '"Oculus_CrossPlatform_PrimaryThumbstick"' in class, record, struct, or interface member declaration
[<color=#FF00FF>UdonSharp</color>] Assets/new_drone.cs(97,33): error CS1026: ) expected
[<color=#FF00FF>UdonSharp</color>] Assets/new_drone.cs(97,33): error CS8124: Tuple must contain at least two elements.
[<color=#FF00FF>UdonSharp</color>] Assets/new_drone.cs(97,33): error CS1031: Type expected
[<color=#FF00FF>UdonSharp</color>] Assets/new_drone.cs(97,32): error CS1026: ) expected
[<color=#FF00FF>UdonSharp</color>] Assets/new_drone.cs(97,32): error CS8124: Tuple must contain at least two elements.
[<color=#FF00FF>UdonSharp</color>] Assets/new_drone.cs(97,9): error CS1519: Invalid token 'if' in class, record, struct, or interface member declaration
[<color=#FF00FF>UdonSharp</color>] Assets/new_drone.cs(199,1): error CS1022: Type or namespace definition, or end-of-file expected
[<color=#FF00FF>UdonSharp</color>] Assets/new_drone.cs(105,5): error CS0106: The modifier 'private' is not valid for this item
[<color=#FF00FF>UdonSharp</color>] Assets/new_drone.cs(105,5): error CS8803: Top-level statements must precede namespace and type declarations.
[<color=#FF00FF>UdonSharp</color>] Assets/new_drone.cs(105,5): error CS8370: Feature 'top-level statements' is not available in C# 7.3. Please use language version 9.0 or greater.
[<color=#FF00FF>UdonSharp</color>] Assets/new_drone.cs(102,49): error CS1519: Invalid token ';' in class, record, struct, or interface member declaration
[<color=#FF00FF>UdonSharp</color>] Assets/new_drone.cs(102,49): error CS1519: Invalid token ';' in class, record, struct, or interface member declaration
[<color=#FF00FF>UdonSharp</color>] Assets/new_drone.cs(102,35): error CS1519: Invalid token '=' in class, record, struct, or interface member declaration
[<color=#FF00FF>UdonSharp</color>] Assets/new_drone.cs(102,35): error CS1519: Invalid token '=' in class, record, struct, or interface member declaration
[<color=#FF00FF>UdonSharp</color>] Assets/new_drone.cs(101,42): error CS1519: Invalid token ';' in class, record, struct, or interface member declaration
[<color=#FF00FF>UdonSharp</color>] Assets/new_drone.cs(101,42): error CS1519: Invalid token ';' in class, record, struct, or interface member declaration
[<color=#FF00FF>UdonSharp</color>] Assets/new_drone.cs(101,28): error CS1519: Invalid token '=' in class, record, struct, or interface member declaration
[<color=#FF00FF>UdonSharp</color>] Assets/new_drone.cs(101,28): error CS1519: Invalid token '=' in class, record, struct, or interface member declaration
[<color=#FF00FF>UdonSharp</color>] Assets/new_drone.cs(100,42): error CS1519: Invalid token ';' in class, record, struct, or interface member declaration
[<color=#FF00FF>UdonSharp</color>] Assets/new_drone.cs(100,42): error CS1519: Invalid token ';' in class, record, struct, or interface member declaration
[<color=#FF00FF>UdonSharp</color>] Assets/new_drone.cs(100,32): error CS1519: Invalid token '=' in class, record, struct, or interface member declaration
[<color=#FF00FF>UdonSharp</color>] Assets/new_drone.cs(100,32): error CS1519: Invalid token '=' in class, record, struct, or interface member declaration
[<color=#FF00FF>UdonSharp</color>] Assets/new_drone.cs(99,42): error CS1519: Invalid token ';' in class, record, struct, or interface member declaration
[<color=#FF00FF>UdonSharp</color>] Assets/new_drone.cs(99,42): error CS1519: Invalid token ';' in class, record, struct, or interface member declaration
[<color=#FF00FF>UdonSharp</color>] Assets/new_drone.cs(99,32): error CS1519: Invalid token '=' in class, record, struct, or interface member declaration
[<color=#FF00FF>UdonSharp</color>] Assets/new_drone.cs(99,32): error CS1519: Invalid token '=' in class, record, struct, or interface member declaration
[<color=#FF00FF>UdonSharp</color>] Assets/new_drone.cs(97,105): error CS1519: Invalid token ')' in class, record, struct, or interface member declaration
[<color=#FF00FF>UdonSharp</color>] Assets/new_drone.cs(97,104): error CS8124: Tuple must contain at least two elements.
[<color=#FF00FF>UdonSharp</color>] Assets/new_drone.cs(97,94): error CS1519: Invalid token '(' in class, record, struct, or interface member declaration
[<color=#FF00FF>UdonSharp</color>] Assets/new_drone.cs(97,33): error CS1519: Invalid token '"Oculus_CrossPlatform_PrimaryThumbstick"' in class, record, struct, or interface member declaration
[<color=#FF00FF>UdonSharp</color>] Assets/new_drone.cs(97,33): error CS1026: ) expected
[<color=#FF00FF>UdonSharp</color>] Assets/new_drone.cs(97,33): error CS8124: Tuple must contain at least two elements.
[<color=#FF00FF>UdonSharp</color>] Assets/new_drone.cs(97,33): error CS1031: Type expected
[<color=#FF00FF>UdonSharp</color>] Assets/new_drone.cs(97,32): error CS1026: ) expected
[<color=#FF00FF>UdonSharp</color>] Assets/new_drone.cs(97,32): error CS8124: Tuple must contain at least two elements.
[<color=#FF00FF>UdonSharp</color>] Assets/new_drone.cs(97,9): error CS1519: Invalid token 'if' in class, record, struct, or interface member declaration
[<color=#FF00FF>UdonSharp</color>] U# scripts have compile errors, scene upgrade deferred until script errors are resolved.
UnityEngine.StackTraceUtility:ExtractStackTrace ()
UnityEngine.DebugLogHandler:LogFormat (UnityEngine.LogType,UnityEngine.Object,string,object[])
UnityEngine.Logger:Log (UnityEngine.LogType,object)
UnityEngine.Debug:LogError (object)
UdonSharp.UdonSharpUtils:LogError (object) (at ./Packages/com.vrchat.worlds/Integrations/UdonSharp/Editor/UdonSharpUtils.cs:324)
UdonSharpEditor.UdonSharpEditorUtility:UpgradeSceneBehaviours (System.Collections.Generic.IEnumerable`1<VRC.Udon.UdonBehaviour>) (at ./Packages/com.vrchat.worlds/Integrations/UdonSharp/Editor/UdonSharpEditorUtility.cs:660)
UdonSharpEditor.UdonSharpEditorManager:RunAllUpgrades () (at ./Packages/com.vrchat.worlds/Integrations/UdonSharp/Editor/UdonSharpEditorManager.cs:1694)
UdonSharpEditor.UdonSharpEditorManager:RunPostAssemblyBuildRefresh () (at ./Packages/com.vrchat.worlds/Integrations/UdonSharp/Editor/UdonSharpEditorManager.cs:132)
UnityEditor.AssemblyReloadEvents:OnAfterAssemblyReload ()

(Filename: ./Packages/com.vrchat.worlds/Integrations/UdonSharp/Editor/UdonSharpUtils.cs Line: 324)

- Finished resetting the current domain, in 14.285 seconds
Domain Reload Profiling: 18167ms
	BeginReloadAssembly (351ms)
		ExecutionOrderSort (0ms)
		DisableScriptedObjects (6ms)
		BackupInstance (0ms)
		ReleaseScriptingObjects (0ms)
		CreateAndSetChildDomain (55ms)
	RebuildCommonClasses (64ms)
	RebuildNativeTypeToScriptingClass (19ms)
	initialDomainReloadingComplete (116ms)
	LoadAllAssembliesAndSetupDomain (3322ms)
		LoadAssemblies (2480ms)
		RebuildTransferFunctionScriptingTraits (0ms)
		AnalyzeDomain (1039ms)
			TypeCache.Refresh (978ms)
				TypeCache.ScanAssembly (910ms)
			ScanForSourceGeneratedMonoScriptInfo (47ms)
			ResolveRequiredComponents (13ms)
	FinalizeReload (14295ms)
		ReleaseScriptCaches (0ms)
		RebuildScriptCaches (0ms)
		SetupLoadedEditorAssemblies (3298ms)
			LogAssemblyErrors (0ms)
			InitializePlatformSupportModulesInManaged (109ms)
			SetLoadedEditorAssemblies (12ms)
			RefreshPlugins (0ms)
			BeforeProcessingInitializeOnLoad (176ms)
			ProcessInitializeOnLoadAttributes (2266ms)
			ProcessInitializeOnLoadMethodAttributes (721ms)
			AfterProcessingInitializeOnLoad (13ms)
			EditorAssembliesLoaded (0ms)
		ExecutionOrderSort2 (1ms)
		AwakeInstancesAfterBackupRestoration (17ms)
Launched and connected shader compiler UnityShaderCompiler.exe after 0.15 seconds
Refreshing native plugins compatible for Editor in 74.03 ms, found 8 plugins.
Preloading 2 native plugins for Editor in 2.27 ms.
Unloading 3529 Unused Serialized files (Serialized files now loaded: 0)
Unloading 142 unused Assets / (341.1 KB). Loaded Objects now: 4038.
Memory consumption went from 164.8 MB to 164.5 MB.
Total: 300.925500 ms (FindLiveObjects: 1.831400 ms CreateObjectMapping: 3.260400 ms MarkObjects: 250.778100 ms  DeleteObjects: 45.051400 ms)

AssetImportParameters requested are different than current active one (requested -> active):
  custom:container-demuxer-ogg: 62fdf1f143b41e24485cea50d1cbac27 -> 
  custom:video-decoder-ogg-theora: a1e56fd34408186e4bbccfd4996cb3dc -> 
  custom:framework-win-MediaFoundation: 216162199b28c13a410421893ffa2e32 -> 
  custom:container-demuxer-webm: 4f35f7cbe854078d1ac9338744f61a02 -> 
  custom:container-muxer-webm: aa71ff27fc2769a1b78a27578f13a17b -> 
  custom:video-decoder-webm-vp8: 9c59270c3fd7afecdb556c50c9e8de78 -> 
  custom:AudioImporter_EditorPlatform: d09bf68614088b80899f8185d706f6e7 -> 
  custom:video-encoder-webm-vp8: eb34c28f22e8b96e1ab97ce403110664 -> 
  custom:audio-decoder-ogg-vorbis: bf7c407c2cedff20999df2af8eb42d56 -> 
  custom:audio-encoder-webm-vorbis: bf7c407c2cedff20999df2af8eb42d56 -> 
========================================================================
Received Import Request.
  Time since last request: 489890.328387 seconds.
  path: Assets/playerBehaviourOnLand.asset
  artifactKey: Guid(d6af0c9c0c1faa54f8a8e3f20cc09013) Importer(815301076,1909f56bfc062723c751e8b465ee728b)
Start importing Assets/playerBehaviourOnLand.asset using Guid(d6af0c9c0c1faa54f8a8e3f20cc09013) Importer(815301076,1909f56bfc062723c751e8b465ee728b)  -> (artifact id: '78979ceeec9531231ef3da54b45fc7cf') in 0.116051 seconds
Number of updated asset objects reloaded before import = 0
Number of asset objects unloaded after import = 0
========================================================================
Received Import Request.
  Time since last request: 0.010232 seconds.
  path: Assets/DroneScreen.renderTexture
  artifactKey: Guid(bc586fa81601ba34a840bbfb92f93298) Importer(815301076,1909f56bfc062723c751e8b465ee728b)
Start importing Assets/DroneScreen.renderTexture using Guid(bc586fa81601ba34a840bbfb92f93298) Importer(815301076,1909f56bfc062723c751e8b465ee728b)  -> (artifact id: 'b02e9ea6c862e9eec96d7b4f7cc84ace') in 0.200916 seconds
Number of updated asset objects reloaded before import = 0
Number of asset objects unloaded after import = 2
========================================================================
Received Import Request.
  Time since last request: 0.000164 seconds.
  path: Assets/playerBehavior_flyDrone.asset
  artifactKey: Guid(e025bef1c29f64348b79531c0a5870b5) Importer(815301076,1909f56bfc062723c751e8b465ee728b)
Start importing Assets/playerBehavior_flyDrone.asset using Guid(e025bef1c29f64348b79531c0a5870b5) Importer(815301076,1909f56bfc062723c751e8b465ee728b)  -> (artifact id: '83f10471c9b44292d8dbb32e58f19111') in 0.001763 seconds
Number of updated asset objects reloaded before import = 0
Number of asset objects unloaded after import = 0
========================================================================
Received Import Request.
  Time since last request: 0.002116 seconds.
  path: Assets/plane_mat.mat
  artifactKey: Guid(fe660b945e661064083d48798ca6946f) Importer(815301076,1909f56bfc062723c751e8b465ee728b)
Start importing Assets/plane_mat.mat using Guid(fe660b945e661064083d48798ca6946f) Importer(815301076,1909f56bfc062723c751e8b465ee728b)  -> (artifact id: 'f4f6af0e6c6ead41741b32cd481ef1cb') in 0.205458 seconds
Number of updated asset objects reloaded before import = 0
Number of asset objects unloaded after import = 1
========================================================================
Received Import Request.
  Time since last request: 0.000060 seconds.
  path: Assets/StationGraph 1.asset
  artifactKey: Guid(c985d2c4335689f4687929f7f91845aa) Importer(815301076,1909f56bfc062723c751e8b465ee728b)
Start importing Assets/StationGraph 1.asset using Guid(c985d2c4335689f4687929f7f91845aa) Importer(815301076,1909f56bfc062723c751e8b465ee728b)  -> (artifact id: 'da32cb6a5c701c97860dbe35c7f14fed') in 0.011046 seconds
Number of updated asset objects reloaded before import = 0
Number of asset objects unloaded after import = 2
========================================================================
Received Import Request.
  Time since last request: 0.001042 seconds.
  path: Assets/Drone_Screen_MAT.mat
  artifactKey: Guid(26c0bb27ba3699e4db25817b0722e5d6) Importer(815301076,1909f56bfc062723c751e8b465ee728b)
Start importing Assets/Drone_Screen_MAT.mat using Guid(26c0bb27ba3699e4db25817b0722e5d6) Importer(815301076,1909f56bfc062723c751e8b465ee728b)  -> (artifact id: 'ceaa504d6cdfcbc2e2e5abd94cc46418') in 0.018168 seconds
Number of updated asset objects reloaded before import = 0
Number of asset objects unloaded after import = 2
========================================================================
Received Prepare
Refreshing native plugins compatible for Editor in 92.15 ms, found 8 plugins.
Preloading 2 native plugins for Editor in 0.35 ms.
Unloading 13 Unused Serialized files (Serialized files now loaded: 0)
Unloading 14 unused Assets / (270.6 KB). Loaded Objects now: 4081.
Memory consumption went from 94.0 MB to 93.7 MB.
Total: 862.992200 ms (FindLiveObjects: 2.422600 ms CreateObjectMapping: 0.562500 ms MarkObjects: 858.244400 ms  DeleteObjects: 1.757600 ms)

Prepare: number of updated asset objects reloaded= 0
AssetImportParameters requested are different than current active one (requested -> active):
  custom:container-demuxer-ogg: 62fdf1f143b41e24485cea50d1cbac27 -> 
  custom:video-decoder-ogg-theora: a1e56fd34408186e4bbccfd4996cb3dc -> 
  custom:framework-win-MediaFoundation: 216162199b28c13a410421893ffa2e32 -> 
  custom:container-demuxer-webm: 4f35f7cbe854078d1ac9338744f61a02 -> 
  custom:container-muxer-webm: aa71ff27fc2769a1b78a27578f13a17b -> 
  custom:video-decoder-webm-vp8: 9c59270c3fd7afecdb556c50c9e8de78 -> 
  custom:SearchIndexIgnoredProperties: e643bd26f0fe6173181afceb89e7c659 -> 
  custom:AudioImporter_EditorPlatform: d09bf68614088b80899f8185d706f6e7 -> 
  custom:video-encoder-webm-vp8: eb34c28f22e8b96e1ab97ce403110664 -> 
  custom:audio-decoder-ogg-vorbis: bf7c407c2cedff20999df2af8eb42d56 -> 
  custom:audio-encoder-webm-vorbis: bf7c407c2cedff20999df2af8eb42d56 -> 
Editor requested this worker to shutdown with reason: Scaling down because of idle timeout
TcpMessagingSession - receive error: operation aborted. errorcode: 995, details: The I/O operation has been aborted because of either a thread exit or an application request.
AssetImportWorker is now disconnected from the server
Process exiting
Exiting without the bug reporter. Application will terminate with return code 0